<?xml version="1.0" encoding="UTF-8"?>
<!-- Generated by org.testng.reporters.JUnitReportReporter -->
<testsuite skipped="0" hostname="TILLT03550" name="TestNG.day2" tests="1" failures="0" timestamp="05 Sep 2018 10:26:16 GMT" time="0.000" errors="0">
  <testcase name="ploan" time="0.000" classname="TestNG.day2"/>
</testsuite> <!-- TestNG.day2 -->
