<?xml version="1.0" encoding="UTF-8"?>
<!-- Generated by org.testng.reporters.JUnitReportReporter -->
<testsuite skipped="0" hostname="TILLT03550" name="TestNG.WordpressLogin" tests="3" failures="0" timestamp="04 Oct 2018 15:43:24 GMT" time="46.055" errors="0">
  <testcase name="loginToWordpress" time="17.394" classname="TestNG.WordpressLogin"/>
  <testcase name="loginToWordpress" time="14.745" classname="TestNG.WordpressLogin"/>
  <testcase name="loginToWordpress" time="13.916" classname="TestNG.WordpressLogin"/>
</testsuite> <!-- TestNG.WordpressLogin -->
