<?xml version="1.0" encoding="UTF-8"?>
<!-- Generated by org.testng.reporters.JUnitReportReporter -->
<testsuite skipped="0" hostname="TILLT03550" name="day1" tests="1" failures="0" timestamp="05 Sep 2018 10:20:16 GMT" time="0.016" errors="0">
  <testcase name="Demo" time="0.016" classname="day1"/>
</testsuite> <!-- day1 -->
