<?xml version="1.0" encoding="UTF-8"?>
<!-- Generated by org.testng.reporters.JUnitReportReporter -->
<testsuite skipped="0" hostname="TILLT03550" name="TestNG.day1" tests="1" failures="0" timestamp="05 Sep 2018 11:17:41 GMT" time="8.032" errors="0">
  <testcase name="Demo" time="8.032" classname="TestNG.day1"/>
</testsuite> <!-- TestNG.day1 -->
